  Day 1.cpp
C:\Users\22届计应工程1班覃朝军\3D Objects\hello-algo\codes\cpp\utils\print_utils.hpp(1,1): warning C4819: 该文件包含不能在当前代码页(936)中表示的字符。请将该文件保存为 Unicode 格式以防止数据丢失
C:\Users\22届计应工程1班覃朝军\3D Objects\hello-algo\codes\cpp\utils\tree_node.hpp(1,1): warning C4819: 该文件包含不能在当前代码页(936)中表示的字符。请将该文件保存为 Unicode 格式以防止数据丢失
C:\Users\22届计应工程1班覃朝军\3D Objects\hello-algo\codes\cpp\utils\print_utils.hpp(123,21): error C2001: 常量中有换行符
C:\Users\22届计应工程1班覃朝军\3D Objects\hello-algo\codes\cpp\utils\print_utils.hpp(124,5): error C2143: 语法错误: 缺少“;”(在“}”的前面)
C:\Users\22届计应工程1班覃朝军\3D Objects\hello-algo\codes\cpp\utils\print_utils.hpp(125,21): error C2001: 常量中有换行符
C:\Users\22届计应工程1班覃朝军\3D Objects\hello-algo\codes\cpp\utils\print_utils.hpp(126,9): error C2146: 语法错误: 缺少“;”(在标识符“prev_str”的前面)
C:\Users\22届计应工程1班覃朝军\3D Objects\hello-algo\codes\cpp\utils\print_utils.hpp(128,21): error C2001: 常量中有换行符
C:\Users\22届计应工程1班覃朝军\3D Objects\hello-algo\codes\cpp\utils\print_utils.hpp(129,9): error C2146: 语法错误: 缺少“;”(在标识符“prev”的前面)
C:\Users\22届计应工程1班覃朝军\3D Objects\hello-algo\codes\cpp\utils\print_utils.hpp(149,28): error C2182: “printStack”: “void” 这一使用无效
C:\Users\22届计应工程1班覃朝军\3D Objects\hello-algo\codes\cpp\utils\print_utils.hpp(149,39): error C2065: “stack”: 未声明的标识符
C:\Users\22届计应工程1班覃朝军\3D Objects\hello-algo\codes\cpp\utils\print_utils.hpp(149,48): error C2065: “stk”: 未声明的标识符
C:\Users\22届计应工程1班覃朝军\3D Objects\hello-algo\codes\cpp\utils\print_utils.hpp(149,39): error C3861: “stack”: 找不到标识符
C:\Users\22届计应工程1班覃朝军\3D Objects\hello-algo\codes\cpp\utils\print_utils.hpp(149,48): error C3861: “stk”: 找不到标识符
C:\Users\22届计应工程1班覃朝军\3D Objects\hello-algo\codes\cpp\utils\print_utils.hpp(149,53): error C2447: “{”: 缺少函数标题(是否是老式的形式表?)
C:\Users\22届计应工程1班覃朝军\3D Objects\hello-algo\codes\cpp\utils\print_utils.hpp(171,28): error C2182: “printQueue”: “void” 这一使用无效
C:\Users\22届计应工程1班覃朝军\3D Objects\hello-algo\codes\cpp\utils\print_utils.hpp(171,39): error C2065: “queue”: 未声明的标识符
C:\Users\22届计应工程1班覃朝军\3D Objects\hello-algo\codes\cpp\utils\print_utils.hpp(171,48): error C2065: “queue”: 未声明的标识符
C:\Users\22届计应工程1班覃朝军\3D Objects\hello-algo\codes\cpp\utils\print_utils.hpp(171,39): error C3861: “queue”: 找不到标识符
C:\Users\22届计应工程1班覃朝军\3D Objects\hello-algo\codes\cpp\utils\print_utils.hpp(171,48): error C3861: “queue”: 找不到标识符
C:\Users\22届计应工程1班覃朝军\3D Objects\hello-algo\codes\cpp\utils\print_utils.hpp(171,55): error C2447: “{”: 缺少函数标题(是否是老式的形式表?)
C:\Users\22届计应工程1班覃朝军\3D Objects\hello-algo\codes\cpp\utils\print_utils.hpp(187,28): error C2182: “printDeque”: “void” 这一使用无效
C:\Users\22届计应工程1班覃朝军\3D Objects\hello-algo\codes\cpp\utils\print_utils.hpp(187,39): error C2065: “deque”: 未声明的标识符
C:\Users\22届计应工程1班覃朝军\3D Objects\hello-algo\codes\cpp\utils\print_utils.hpp(187,48): error C2065: “deque”: 未声明的标识符
C:\Users\22届计应工程1班覃朝军\3D Objects\hello-algo\codes\cpp\utils\print_utils.hpp(187,39): error C3861: “deque”: 找不到标识符
C:\Users\22届计应工程1班覃朝军\3D Objects\hello-algo\codes\cpp\utils\print_utils.hpp(187,48): error C3861: “deque”: 找不到标识符
C:\Users\22届计应工程1班覃朝军\3D Objects\hello-algo\codes\cpp\utils\print_utils.hpp(187,55): error C2447: “{”: 缺少函数标题(是否是老式的形式表?)
C:\Users\22届计应工程1班覃朝军\3D Objects\hello-algo\codes\cpp\utils\print_utils.hpp(204,48): error C2182: “printHashMap”: “void” 这一使用无效
C:\Users\22届计应工程1班覃朝军\3D Objects\hello-algo\codes\cpp\utils\print_utils.hpp(204,61): error C2065: “unordered_map”: 未声明的标识符
C:\Users\22届计应工程1班覃朝军\3D Objects\hello-algo\codes\cpp\utils\print_utils.hpp(204,89): error C2065: “map”: 未声明的标识符
C:\Users\22届计应工程1班覃朝军\3D Objects\hello-algo\codes\cpp\utils\print_utils.hpp(204,61): error C3861: “unordered_map”: 找不到标识符
C:\Users\22届计应工程1班覃朝军\3D Objects\hello-algo\codes\cpp\utils\print_utils.hpp(204,89): error C3861: “map”: 找不到标识符
C:\Users\22届计应工程1班覃朝军\3D Objects\hello-algo\codes\cpp\utils\print_utils.hpp(204,94): error C2447: “{”: 缺少函数标题(是否是老式的形式表?)
C:\Users\22届计应工程1班覃朝军\3D Objects\hello-algo\codes\cpp\utils\print_utils.hpp(211,60): error C2065: “priority_queue”: 未声明的标识符
C:\Users\22届计应工程1班覃朝军\3D Objects\hello-algo\codes\cpp\utils\print_utils.hpp(211,78): error C2275: “S”: 应为表达式而不是类型
C:\Users\22届计应工程1班覃朝军\3D Objects\hello-algo\codes\cpp\utils\print_utils.hpp(211,85): error C2065: “pq”: 未声明的标识符
C:\Users\22届计应工程1班覃朝军\3D Objects\hello-algo\codes\cpp\utils\print_utils.hpp(211,60): error C3861: “priority_queue”: 找不到标识符
C:\Users\22届计应工程1班覃朝军\3D Objects\hello-algo\codes\cpp\utils\print_utils.hpp(211,85): error C3861: “pq”: 找不到标识符
C:\Users\22届计应工程1班覃朝军\3D Objects\hello-algo\codes\cpp\utils\print_utils.hpp(211,89): error C2447: “{”: 缺少函数标题(是否是老式的形式表?)
C:\Users\22届计应工程1班覃朝军\3D Objects\hello-algo\codes\cpp\utils\print_utils.hpp(221,52): error C2182: “printHeap”: “void” 这一使用无效
C:\Users\22届计应工程1班覃朝军\3D Objects\hello-algo\codes\cpp\utils\print_utils.hpp(221,62): error C2065: “priority_queue”: 未声明的标识符
C:\Users\22届计应工程1班覃朝军\3D Objects\hello-algo\codes\cpp\utils\print_utils.hpp(221,80): error C2275: “S”: 应为表达式而不是类型
C:\Users\22届计应工程1班覃朝军\3D Objects\hello-algo\codes\cpp\utils\print_utils.hpp(221,87): error C2065: “heap”: 未声明的标识符
C:\Users\22届计应工程1班覃朝军\3D Objects\hello-algo\codes\cpp\utils\print_utils.hpp(221,62): error C3861: “priority_queue”: 找不到标识符
C:\Users\22届计应工程1班覃朝军\3D Objects\hello-algo\codes\cpp\utils\print_utils.hpp(221,87): error C3861: “heap”: 找不到标识符
C:\Users\22届计应工程1班覃朝军\3D Objects\hello-algo\codes\cpp\utils\print_utils.hpp(221,93): error C2447: “{”: 缺少函数标题(是否是老式的形式表?)
C:\Users\22届计应工程1班覃朝军\3D Objects\hello-algo\codes\cpp\utils\print_utils.hpp(223,13): error C2001: 常量中有换行符
C:\Users\22届计应工程1班覃朝军\3D Objects\hello-algo\codes\cpp\utils\print_utils.hpp(225,13): error C2001: 常量中有换行符
C:\Users\22届计应工程1班覃朝军\3D Objects\hello-algo\codes\cpp\chapter_array_and_linkedlist\array.cpp(1,1): warning C4819: 该文件包含不能在当前代码页(936)中表示的字符。请将该文件保存为 Unicode 格式以防止数据丢失
C:\Users\22届计应工程1班覃朝军\3D Objects\hello-algo\codes\cpp\utils\vertex.hpp(1,1): warning C4819: 该文件包含不能在当前代码页(936)中表示的字符。请将该文件保存为 Unicode 格式以防止数据丢失
C:\Users\22届计应工程1班覃朝军\3D Objects\Play\C++\Day 1\Day 1\Day 1.cpp(14,5): error C2084: 函数“int randomAccess(int *,int)”已有主体
C:\Users\22届计应工程1班覃朝军\3D Objects\hello-algo\codes\cpp\chapter_array_and_linkedlist\array.cpp(10,5): message : 参见“randomAccess”的前一个定义
C:\Users\22届计应工程1班覃朝军\3D Objects\Play\C++\Day 1\Day 1\Day 1.cpp(23,6): error C2084: 函数“int *extend(int *,int,int)”已有主体
C:\Users\22届计应工程1班覃朝军\3D Objects\hello-algo\codes\cpp\chapter_array_and_linkedlist\array.cpp(19,6): message : 参见“extend”的前一个定义
C:\Users\22届计应工程1班覃朝军\3D Objects\Play\C++\Day 1\Day 1\Day 1.cpp(37,6): error C2084: 函数“void insert(int *,int,int,int)”已有主体
C:\Users\22届计应工程1班覃朝军\3D Objects\hello-algo\codes\cpp\chapter_array_and_linkedlist\array.cpp(33,6): message : 参见“insert”的前一个定义
C:\Users\22届计应工程1班覃朝军\3D Objects\Play\C++\Day 1\Day 1\Day 1.cpp(47,6): error C2084: 函数“void remove(int *,int,int)”已有主体
C:\Users\22届计应工程1班覃朝军\3D Objects\hello-algo\codes\cpp\chapter_array_and_linkedlist\array.cpp(43,6): message : 参见“remove”的前一个定义
C:\Users\22届计应工程1班覃朝军\3D Objects\Play\C++\Day 1\Day 1\Day 1.cpp(55,6): error C2084: 函数“void traverse(int *,int)”已有主体
C:\Users\22届计应工程1班覃朝军\3D Objects\hello-algo\codes\cpp\chapter_array_and_linkedlist\array.cpp(51,6): message : 参见“traverse”的前一个定义
C:\Users\22届计应工程1班覃朝军\3D Objects\Play\C++\Day 1\Day 1\Day 1.cpp(64,5): error C2084: 函数“int find(int *,int,int)”已有主体
C:\Users\22届计应工程1班覃朝军\3D Objects\hello-algo\codes\cpp\chapter_array_and_linkedlist\array.cpp(60,5): message : 参见“find”的前一个定义
C:\Users\22届计应工程1班覃朝军\3D Objects\Play\C++\Day 1\Day 1\Day 1.cpp(73,5): error C2084: 函数“int main(void)”已有主体
C:\Users\22届计应工程1班覃朝军\3D Objects\hello-algo\codes\cpp\chapter_array_and_linkedlist\array.cpp(69,5): message : 参见“main”的前一个定义
C:\Users\22届计应工程1班覃朝军\3D Objects\Play\C++\Day 1\Day 1\Day 1.cpp(85,21): error C2065: “randomAccess”: 未声明的标识符
C:\Users\22届计应工程1班覃朝军\3D Objects\Play\C++\Day 1\Day 1\Day 1.cpp(85,19): error C2440: “初始化”: 无法从“int (__cdecl *)(int *,int)”转换为“int”
C:\Users\22届计应工程1班覃朝军\3D Objects\Play\C++\Day 1\Day 1\Day 1.cpp(85,19): message : 没有使该转换得以执行的上下文
C:\Users\22届计应工程1班覃朝军\3D Objects\Play\C++\Day 1\Day 1\Day 1.cpp(90,12): error C2065: “extend”: 未声明的标识符
C:\Users\22届计应工程1班覃朝军\3D Objects\Play\C++\Day 1\Day 1\Day 1.cpp(90,18): error C2568: “=”: 无法解析函数重载
C:\Users\22届计应工程1班覃朝军\3D Objects\Play\C++\Day 1\Day 1\Day 1.cpp(90,18): message : 可能是“int *extend(int *,int,int)”
C:\Users\22届计应工程1班覃朝军\3D Objects\Play\C++\Day 1\Day 1\Day 1.cpp(96,5): error C2065: “insert”: 未声明的标识符
C:\Users\22届计应工程1班覃朝军\3D Objects\Play\C++\Day 1\Day 1\Day 1.cpp(101,5): error C2264: “remove”: 函数定义或声明中有错误；未调用函数
C:\Users\22届计应工程1班覃朝军\3D Objects\Play\C++\Day 1\Day 1\Day 1.cpp(106,5): error C2065: “traverse”: 未声明的标识符
C:\Users\22届计应工程1班覃朝军\3D Objects\Play\C++\Day 1\Day 1\Day 1.cpp(109,17): error C2264: “find”: 函数定义或声明中有错误；未调用函数
